<?xml version="1.0" encoding="UTF-8"?>
<!-- Generated by org.testng.reporters.JUnitXMLReporter -->
<testsuite ignored="0" hostname="DESKTOP-8SJFQJ0" failures="0" tests="4" name="new TestCase" time="0.219" errors="0" timestamp="2023-01-22T16:38:07 IST">
  <testcase classname="com.testNG.A_TestNGUsingATTest" name="myFirstTest" time="0.022"/>
  <testcase classname="com.testNG.A_TestNGUsingATTest" name="myFourthTest" time="0.009"/>
  <testcase classname="com.testNG.A_TestNGUsingATTest" name="mySecondTest" time="0.007"/>
  <testcase classname="com.testNG.A_TestNGUsingATTest" name="myThirdTest" time="0.02"/>
</testsuite> <!-- new TestCase -->
