<?xml version="1.0" encoding="UTF-8"?>
<!-- Generated by org.testng.reporters.JUnitXMLReporter -->
<testsuite ignored="3" hostname="DESKTOP-8SJFQJ0" failures="0" tests="6" name="New test case" time="0.37" errors="0" timestamp="2023-01-31T07:17:10 IST">
  <testcase classname="com.testNG_YouTube.G_Grouping" name="elemendarySchool" time="0.029"/>
  <testcase classname="com.testNG_YouTube.G_Grouping" name="englishSub" time="0.012"/>
  <testcase classname="com.testNG_YouTube.G_Grouping" name="highSchool" time="0.015"/>
  <testcase classname="com.testNG_YouTube.G_Grouping" name="higherSecSchool" time="0.003"/>
  <testcase classname="com.testNG_YouTube.G_Grouping" name="mathsSub" time="0.027"/>
  <testcase classname="com.testNG_YouTube.G_Grouping" name="tamilSub" time="0.041"/>
  <testcase classname="com.testNG_YouTube.G_Grouping" name="buyAppleMobile" time="0.0">
    <ignored/>
  </testcase> <!-- buyAppleMobile -->
  <testcase classname="com.testNG_YouTube.G_Grouping" name="buyVivoMobile" time="0.0">
    <ignored/>
  </testcase> <!-- buyVivoMobile -->
  <testcase classname="com.testNG_YouTube.G_Grouping" name="buyMotoMobile" time="0.0">
    <ignored/>
  </testcase> <!-- buyMotoMobile -->
</testsuite> <!-- New test case -->
