<?xml version="1.0" encoding="UTF-8"?>
<!-- Generated by org.testng.reporters.JUnitXMLReporter -->
<testsuite ignored="1" hostname="DESKTOP-8SJFQJ0" failures="0" tests="28" name="first data" time="116.504" errors="0" timestamp="2023-01-22T17:01:41 IST">
  <testcase classname="com.testNG.A_TestNGUsingATTest" name="myFirstTest" time="0.02"/>
  <testcase classname="com.testNG.A_TestNGUsingATTest" name="myFourthTest" time="0.003"/>
  <testcase classname="com.testNG.A_TestNGUsingATTest" name="mySecondTest" time="0.005"/>
  <testcase classname="com.testNG.A_TestNGUsingATTest" name="myThirdTest" time="0.011"/>
  <testcase classname="com.testNG.B_Priority" name="myFirstTest" time="0.009"/>
  <testcase classname="com.testNG.B_Priority" name="mySecondTest" time="0.008"/>
  <testcase classname="com.testNG.B_Priority" name="myThirdTest" time="0.001"/>
  <testcase classname="com.testNG.B_Priority" name="myFourthTest" time="0.002"/>
  <testcase classname="com.testNG.B_priority2" name="firstOne" time="0.002"/>
  <testcase classname="com.testNG.B_priority2" name="thirdOne" time="0.001"/>
  <testcase classname="com.testNG.B_priority2" name="secondOne" time="0.005"/>
  <testcase classname="com.testNG.B_priority2" name="fourthOne" time="0.004"/>
  <testcase classname="com.testNG.C_DependsOnMethod" name="goToHighSchool" time="0.003"/>
  <testcase classname="com.testNG.C_DependsOnMethod" name="goToHigherSecondary" time="0.011"/>
  <testcase classname="com.testNG.C_DependsOnMethod" name="goToCollege" time="0.003"/>
  <testcase classname="com.testNG.D_SkipParticularTestCase" name="goToLKG" time="0.003"/>
  <testcase classname="com.testNG.D_SkipParticularTestCase" name="goToElementary" time="0.001"/>
  <testcase classname="com.testNG.D_SkipParticularTestCase" name="goToHighSchool" time="0.009"/>
  <testcase classname="com.testNG.D_SkipParticularTestCase" name="goToHigherSec" time="0.004"/>
  <testcase classname="com.testNG.D_SkipParticularTestCase" name="goToCollege" time="0.013"/>
  <testcase classname="com.testNG.E_UseSelenium" name="openFacebook" time="12.015"/>
  <testcase classname="com.testNG.E_UseSelenium" name="openGoogle" time="10.956"/>
  <testcase classname="com.testNG.E_UseSelenium" name="openTestleaf" time="29.135"/>
  <testcase classname="com.testNG.E_UseSelenium" name="openinta" time="22.936"/>
  <testcase classname="com.testNG.F_UseBeforeSuite" name="openFacebook" time="9.683"/>
  <testcase classname="com.testNG.F_UseBeforeSuite" name="openGoogle" time="5.898"/>
  <testcase classname="com.testNG.F_UseBeforeSuite" name="openTestleaf" time="15.353"/>
  <testcase classname="com.testNG.F_UseBeforeSuite" name="openinta" time="9.969"/>
  <testcase classname="com.testNG.D_SkipParticularTestCase" name="dontGoToSchool" time="0.0">
    <ignored/>
  </testcase> <!-- dontGoToSchool -->
</testsuite> <!-- first data -->
